<?xml version="1.0" encoding="UTF-8"?>
<testsuite xmlns:xsi="http://www.w3.org/2001/XMLSchema-instance" xsi:noNamespaceSchemaLocation="https://maven.apache.org/surefire/maven-surefire-plugin/xsd/surefire-test-report.xsd" name="com.fintech.creditprocessing.service.impl.LoanOrderServiceImplTest" time="0.278" tests="10" errors="0" skipped="0" failures="0">
  <properties>
    <property name="java.specification.version" value="17"/>
    <property name="sun.jnu.encoding" value="UTF-8"/>
    <property name="java.class.path" value="/Users/admin/Desktop/credit-processing-master/target/test-classes:/Users/admin/Desktop/credit-processing-master/target/classes:/Users/admin/.m2/repository/org/springframework/boot/spring-boot-starter-data-jdbc/3.0.5/spring-boot-starter-data-jdbc-3.0.5.jar:/Users/admin/.m2/repository/org/springframework/boot/spring-boot-starter-jdbc/3.0.5/spring-boot-starter-jdbc-3.0.5.jar:/Users/admin/.m2/repository/com/zaxxer/HikariCP/5.0.1/HikariCP-5.0.1.jar:/Users/admin/.m2/repository/org/springframework/spring-jdbc/6.0.7/spring-jdbc-6.0.7.jar:/Users/admin/.m2/repository/org/springframework/data/spring-data-jdbc/3.0.4/spring-data-jdbc-3.0.4.jar:/Users/admin/.m2/repository/org/springframework/data/spring-data-relational/3.0.4/spring-data-relational-3.0.4.jar:/Users/admin/.m2/repository/org/springframework/data/spring-data-commons/3.0.4/spring-data-commons-3.0.4.jar:/Users/admin/.m2/repository/org/springframework/spring-tx/6.0.7/spring-tx-6.0.7.jar:/Users/admin/.m2/repository/org/springframework/spring-context/6.0.7/spring-context-6.0.7.jar:/Users/admin/.m2/repository/org/springframework/spring-beans/6.0.7/spring-beans-6.0.7.jar:/Users/admin/.m2/repository/org/slf4j/slf4j-api/2.0.7/slf4j-api-2.0.7.jar:/Users/admin/.m2/repository/org/springframework/boot/spring-boot-starter-web/3.0.5/spring-boot-starter-web-3.0.5.jar:/Users/admin/.m2/repository/org/springframework/boot/spring-boot-starter/3.0.5/spring-boot-starter-3.0.5.jar:/Users/admin/.m2/repository/org/springframework/boot/spring-boot/3.0.5/spring-boot-3.0.5.jar:/Users/admin/.m2/repository/org/springframework/boot/spring-boot-autoconfigure/3.0.5/spring-boot-autoconfigure-3.0.5.jar:/Users/admin/.m2/repository/org/springframework/boot/spring-boot-starter-logging/3.0.5/spring-boot-starter-logging-3.0.5.jar:/Users/admin/.m2/repository/ch/qos/logback/logback-classic/1.4.6/logback-classic-1.4.6.jar:/Users/admin/.m2/repository/ch/qos/logback/logback-core/1.4.6/logback-core-1.4.6.jar:/Users/admin/.m2/repository/org/apache/logging/log4j/log4j-to-slf4j/2.19.0/log4j-to-slf4j-2.19.0.jar:/Users/admin/.m2/repository/org/apache/logging/log4j/log4j-api/2.19.0/log4j-api-2.19.0.jar:/Users/admin/.m2/repository/org/slf4j/jul-to-slf4j/2.0.7/jul-to-slf4j-2.0.7.jar:/Users/admin/.m2/repository/jakarta/annotation/jakarta.annotation-api/2.1.1/jakarta.annotation-api-2.1.1.jar:/Users/admin/.m2/repository/org/springframework/boot/spring-boot-starter-json/3.0.5/spring-boot-starter-json-3.0.5.jar:/Users/admin/.m2/repository/com/fasterxml/jackson/core/jackson-databind/2.14.2/jackson-databind-2.14.2.jar:/Users/admin/.m2/repository/com/fasterxml/jackson/core/jackson-annotations/2.14.2/jackson-annotations-2.14.2.jar:/Users/admin/.m2/repository/com/fasterxml/jackson/core/jackson-core/2.14.2/jackson-core-2.14.2.jar:/Users/admin/.m2/repository/com/fasterxml/jackson/datatype/jackson-datatype-jdk8/2.14.2/jackson-datatype-jdk8-2.14.2.jar:/Users/admin/.m2/repository/com/fasterxml/jackson/datatype/jackson-datatype-jsr310/2.14.2/jackson-datatype-jsr310-2.14.2.jar:/Users/admin/.m2/repository/com/fasterxml/jackson/module/jackson-module-parameter-names/2.14.2/jackson-module-parameter-names-2.14.2.jar:/Users/admin/.m2/repository/org/springframework/boot/spring-boot-starter-tomcat/3.0.5/spring-boot-starter-tomcat-3.0.5.jar:/Users/admin/.m2/repository/org/apache/tomcat/embed/tomcat-embed-core/10.1.7/tomcat-embed-core-10.1.7.jar:/Users/admin/.m2/repository/org/apache/tomcat/embed/tomcat-embed-el/10.1.7/tomcat-embed-el-10.1.7.jar:/Users/admin/.m2/repository/org/apache/tomcat/embed/tomcat-embed-websocket/10.1.7/tomcat-embed-websocket-10.1.7.jar:/Users/admin/.m2/repository/org/springframework/spring-web/6.0.7/spring-web-6.0.7.jar:/Users/admin/.m2/repository/io/micrometer/micrometer-observation/1.10.5/micrometer-observation-1.10.5.jar:/Users/admin/.m2/repository/io/micrometer/micrometer-commons/1.10.5/micrometer-commons-1.10.5.jar:/Users/admin/.m2/repository/org/springframework/spring-webmvc/6.0.7/spring-webmvc-6.0.7.jar:/Users/admin/.m2/repository/org/springframework/spring-aop/6.0.7/spring-aop-6.0.7.jar:/Users/admin/.m2/repository/org/springframework/spring-expression/6.0.7/spring-expression-6.0.7.jar:/Users/admin/.m2/repository/org/liquibase/liquibase-core/4.17.2/liquibase-core-4.17.2.jar:/Users/admin/.m2/repository/javax/xml/bind/jaxb-api/2.3.1/jaxb-api-2.3.1.jar:/Users/admin/.m2/repository/javax/activation/javax.activation-api/1.2.0/javax.activation-api-1.2.0.jar:/Users/admin/.m2/repository/org/yaml/snakeyaml/1.33/snakeyaml-1.33.jar:/Users/admin/.m2/repository/com/opencsv/opencsv/5.7.1/opencsv-5.7.1.jar:/Users/admin/.m2/repository/org/apache/commons/commons-lang3/3.12.0/commons-lang3-3.12.0.jar:/Users/admin/.m2/repository/org/apache/commons/commons-text/1.10.0/commons-text-1.10.0.jar:/Users/admin/.m2/repository/org/apache/commons/commons-collections4/4.4/commons-collections4-4.4.jar:/Users/admin/.m2/repository/org/postgresql/postgresql/42.5.4/postgresql-42.5.4.jar:/Users/admin/.m2/repository/org/checkerframework/checker-qual/3.5.0/checker-qual-3.5.0.jar:/Users/admin/.m2/repository/org/projectlombok/lombok/1.18.26/lombok-1.18.26.jar:/Users/admin/.m2/repository/org/springframework/boot/spring-boot-starter-test/3.0.5/spring-boot-starter-test-3.0.5.jar:/Users/admin/.m2/repository/org/springframework/boot/spring-boot-test/3.0.5/spring-boot-test-3.0.5.jar:/Users/admin/.m2/repository/org/springframework/boot/spring-boot-test-autoconfigure/3.0.5/spring-boot-test-autoconfigure-3.0.5.jar:/Users/admin/.m2/repository/com/jayway/jsonpath/json-path/2.7.0/json-path-2.7.0.jar:/Users/admin/.m2/repository/net/minidev/json-smart/2.4.10/json-smart-2.4.10.jar:/Users/admin/.m2/repository/net/minidev/accessors-smart/2.4.9/accessors-smart-2.4.9.jar:/Users/admin/.m2/repository/org/ow2/asm/asm/9.3/asm-9.3.jar:/Users/admin/.m2/repository/jakarta/xml/bind/jakarta.xml.bind-api/4.0.0/jakarta.xml.bind-api-4.0.0.jar:/Users/admin/.m2/repository/jakarta/activation/jakarta.activation-api/2.1.1/jakarta.activation-api-2.1.1.jar:/Users/admin/.m2/repository/org/assertj/assertj-core/3.23.1/assertj-core-3.23.1.jar:/Users/admin/.m2/repository/net/bytebuddy/byte-buddy/1.12.23/byte-buddy-1.12.23.jar:/Users/admin/.m2/repository/org/hamcrest/hamcrest/2.2/hamcrest-2.2.jar:/Users/admin/.m2/repository/org/junit/jupiter/junit-jupiter/5.9.2/junit-jupiter-5.9.2.jar:/Users/admin/.m2/repository/org/junit/jupiter/junit-jupiter-api/5.9.2/junit-jupiter-api-5.9.2.jar:/Users/admin/.m2/repository/org/opentest4j/opentest4j/1.2.0/opentest4j-1.2.0.jar:/Users/admin/.m2/repository/org/junit/platform/junit-platform-commons/1.9.2/junit-platform-commons-1.9.2.jar:/Users/admin/.m2/repository/org/apiguardian/apiguardian-api/1.1.2/apiguardian-api-1.1.2.jar:/Users/admin/.m2/repository/org/junit/jupiter/junit-jupiter-params/5.9.2/junit-jupiter-params-5.9.2.jar:/Users/admin/.m2/repository/org/junit/jupiter/junit-jupiter-engine/5.9.2/junit-jupiter-engine-5.9.2.jar:/Users/admin/.m2/repository/org/junit/platform/junit-platform-engine/1.9.2/junit-platform-engine-1.9.2.jar:/Users/admin/.m2/repository/org/mockito/mockito-core/4.8.1/mockito-core-4.8.1.jar:/Users/admin/.m2/repository/net/bytebuddy/byte-buddy-agent/1.12.23/byte-buddy-agent-1.12.23.jar:/Users/admin/.m2/repository/org/objenesis/objenesis/3.2/objenesis-3.2.jar:/Users/admin/.m2/repository/org/mockito/mockito-junit-jupiter/4.8.1/mockito-junit-jupiter-4.8.1.jar:/Users/admin/.m2/repository/org/skyscreamer/jsonassert/1.5.1/jsonassert-1.5.1.jar:/Users/admin/.m2/repository/com/vaadin/external/google/android-json/0.0.20131108.vaadin1/android-json-0.0.20131108.vaadin1.jar:/Users/admin/.m2/repository/org/springframework/spring-core/6.0.7/spring-core-6.0.7.jar:/Users/admin/.m2/repository/org/springframework/spring-jcl/6.0.7/spring-jcl-6.0.7.jar:/Users/admin/.m2/repository/org/springframework/spring-test/6.0.7/spring-test-6.0.7.jar:/Users/admin/.m2/repository/org/xmlunit/xmlunit-core/2.9.1/xmlunit-core-2.9.1.jar:"/>
    <property name="java.vm.vendor" value="BellSoft"/>
    <property name="sun.arch.data.model" value="64"/>
    <property name="java.vendor.url" value="https://bell-sw.com/"/>
    <property name="os.name" value="Mac OS X"/>
    <property name="java.vm.specification.version" value="17"/>
    <property name="sun.java.launcher" value="SUN_STANDARD"/>
    <property name="user.country" value="RU"/>
    <property name="sun.boot.library.path" value="/Library/Java/JavaVirtualMachines/liberica-jdk-17.jdk/Contents/Home/lib"/>
    <property name="sun.java.command" value="/Users/admin/Desktop/credit-processing-master/target/surefire/surefirebooter1408678789210548448.jar /Users/admin/Desktop/credit-processing-master/target/surefire 2023-05-11T03-01-46_631-jvmRun1 surefire2540456683095006229tmp surefire_014820757710401207449tmp"/>
    <property name="http.nonProxyHosts" value="local|*.local|169.254/16|*.169.254/16"/>
    <property name="jdk.debug" value="release"/>
    <property name="surefire.test.class.path" value="/Users/admin/Desktop/credit-processing-master/target/test-classes:/Users/admin/Desktop/credit-processing-master/target/classes:/Users/admin/.m2/repository/org/springframework/boot/spring-boot-starter-data-jdbc/3.0.5/spring-boot-starter-data-jdbc-3.0.5.jar:/Users/admin/.m2/repository/org/springframework/boot/spring-boot-starter-jdbc/3.0.5/spring-boot-starter-jdbc-3.0.5.jar:/Users/admin/.m2/repository/com/zaxxer/HikariCP/5.0.1/HikariCP-5.0.1.jar:/Users/admin/.m2/repository/org/springframework/spring-jdbc/6.0.7/spring-jdbc-6.0.7.jar:/Users/admin/.m2/repository/org/springframework/data/spring-data-jdbc/3.0.4/spring-data-jdbc-3.0.4.jar:/Users/admin/.m2/repository/org/springframework/data/spring-data-relational/3.0.4/spring-data-relational-3.0.4.jar:/Users/admin/.m2/repository/org/springframework/data/spring-data-commons/3.0.4/spring-data-commons-3.0.4.jar:/Users/admin/.m2/repository/org/springframework/spring-tx/6.0.7/spring-tx-6.0.7.jar:/Users/admin/.m2/repository/org/springframework/spring-context/6.0.7/spring-context-6.0.7.jar:/Users/admin/.m2/repository/org/springframework/spring-beans/6.0.7/spring-beans-6.0.7.jar:/Users/admin/.m2/repository/org/slf4j/slf4j-api/2.0.7/slf4j-api-2.0.7.jar:/Users/admin/.m2/repository/org/springframework/boot/spring-boot-starter-web/3.0.5/spring-boot-starter-web-3.0.5.jar:/Users/admin/.m2/repository/org/springframework/boot/spring-boot-starter/3.0.5/spring-boot-starter-3.0.5.jar:/Users/admin/.m2/repository/org/springframework/boot/spring-boot/3.0.5/spring-boot-3.0.5.jar:/Users/admin/.m2/repository/org/springframework/boot/spring-boot-autoconfigure/3.0.5/spring-boot-autoconfigure-3.0.5.jar:/Users/admin/.m2/repository/org/springframework/boot/spring-boot-starter-logging/3.0.5/spring-boot-starter-logging-3.0.5.jar:/Users/admin/.m2/repository/ch/qos/logback/logback-classic/1.4.6/logback-classic-1.4.6.jar:/Users/admin/.m2/repository/ch/qos/logback/logback-core/1.4.6/logback-core-1.4.6.jar:/Users/admin/.m2/repository/org/apache/logging/log4j/log4j-to-slf4j/2.19.0/log4j-to-slf4j-2.19.0.jar:/Users/admin/.m2/repository/org/apache/logging/log4j/log4j-api/2.19.0/log4j-api-2.19.0.jar:/Users/admin/.m2/repository/org/slf4j/jul-to-slf4j/2.0.7/jul-to-slf4j-2.0.7.jar:/Users/admin/.m2/repository/jakarta/annotation/jakarta.annotation-api/2.1.1/jakarta.annotation-api-2.1.1.jar:/Users/admin/.m2/repository/org/springframework/boot/spring-boot-starter-json/3.0.5/spring-boot-starter-json-3.0.5.jar:/Users/admin/.m2/repository/com/fasterxml/jackson/core/jackson-databind/2.14.2/jackson-databind-2.14.2.jar:/Users/admin/.m2/repository/com/fasterxml/jackson/core/jackson-annotations/2.14.2/jackson-annotations-2.14.2.jar:/Users/admin/.m2/repository/com/fasterxml/jackson/core/jackson-core/2.14.2/jackson-core-2.14.2.jar:/Users/admin/.m2/repository/com/fasterxml/jackson/datatype/jackson-datatype-jdk8/2.14.2/jackson-datatype-jdk8-2.14.2.jar:/Users/admin/.m2/repository/com/fasterxml/jackson/datatype/jackson-datatype-jsr310/2.14.2/jackson-datatype-jsr310-2.14.2.jar:/Users/admin/.m2/repository/com/fasterxml/jackson/module/jackson-module-parameter-names/2.14.2/jackson-module-parameter-names-2.14.2.jar:/Users/admin/.m2/repository/org/springframework/boot/spring-boot-starter-tomcat/3.0.5/spring-boot-starter-tomcat-3.0.5.jar:/Users/admin/.m2/repository/org/apache/tomcat/embed/tomcat-embed-core/10.1.7/tomcat-embed-core-10.1.7.jar:/Users/admin/.m2/repository/org/apache/tomcat/embed/tomcat-embed-el/10.1.7/tomcat-embed-el-10.1.7.jar:/Users/admin/.m2/repository/org/apache/tomcat/embed/tomcat-embed-websocket/10.1.7/tomcat-embed-websocket-10.1.7.jar:/Users/admin/.m2/repository/org/springframework/spring-web/6.0.7/spring-web-6.0.7.jar:/Users/admin/.m2/repository/io/micrometer/micrometer-observation/1.10.5/micrometer-observation-1.10.5.jar:/Users/admin/.m2/repository/io/micrometer/micrometer-commons/1.10.5/micrometer-commons-1.10.5.jar:/Users/admin/.m2/repository/org/springframework/spring-webmvc/6.0.7/spring-webmvc-6.0.7.jar:/Users/admin/.m2/repository/org/springframework/spring-aop/6.0.7/spring-aop-6.0.7.jar:/Users/admin/.m2/repository/org/springframework/spring-expression/6.0.7/spring-expression-6.0.7.jar:/Users/admin/.m2/repository/org/liquibase/liquibase-core/4.17.2/liquibase-core-4.17.2.jar:/Users/admin/.m2/repository/javax/xml/bind/jaxb-api/2.3.1/jaxb-api-2.3.1.jar:/Users/admin/.m2/repository/javax/activation/javax.activation-api/1.2.0/javax.activation-api-1.2.0.jar:/Users/admin/.m2/repository/org/yaml/snakeyaml/1.33/snakeyaml-1.33.jar:/Users/admin/.m2/repository/com/opencsv/opencsv/5.7.1/opencsv-5.7.1.jar:/Users/admin/.m2/repository/org/apache/commons/commons-lang3/3.12.0/commons-lang3-3.12.0.jar:/Users/admin/.m2/repository/org/apache/commons/commons-text/1.10.0/commons-text-1.10.0.jar:/Users/admin/.m2/repository/org/apache/commons/commons-collections4/4.4/commons-collections4-4.4.jar:/Users/admin/.m2/repository/org/postgresql/postgresql/42.5.4/postgresql-42.5.4.jar:/Users/admin/.m2/repository/org/checkerframework/checker-qual/3.5.0/checker-qual-3.5.0.jar:/Users/admin/.m2/repository/org/projectlombok/lombok/1.18.26/lombok-1.18.26.jar:/Users/admin/.m2/repository/org/springframework/boot/spring-boot-starter-test/3.0.5/spring-boot-starter-test-3.0.5.jar:/Users/admin/.m2/repository/org/springframework/boot/spring-boot-test/3.0.5/spring-boot-test-3.0.5.jar:/Users/admin/.m2/repository/org/springframework/boot/spring-boot-test-autoconfigure/3.0.5/spring-boot-test-autoconfigure-3.0.5.jar:/Users/admin/.m2/repository/com/jayway/jsonpath/json-path/2.7.0/json-path-2.7.0.jar:/Users/admin/.m2/repository/net/minidev/json-smart/2.4.10/json-smart-2.4.10.jar:/Users/admin/.m2/repository/net/minidev/accessors-smart/2.4.9/accessors-smart-2.4.9.jar:/Users/admin/.m2/repository/org/ow2/asm/asm/9.3/asm-9.3.jar:/Users/admin/.m2/repository/jakarta/xml/bind/jakarta.xml.bind-api/4.0.0/jakarta.xml.bind-api-4.0.0.jar:/Users/admin/.m2/repository/jakarta/activation/jakarta.activation-api/2.1.1/jakarta.activation-api-2.1.1.jar:/Users/admin/.m2/repository/org/assertj/assertj-core/3.23.1/assertj-core-3.23.1.jar:/Users/admin/.m2/repository/net/bytebuddy/byte-buddy/1.12.23/byte-buddy-1.12.23.jar:/Users/admin/.m2/repository/org/hamcrest/hamcrest/2.2/hamcrest-2.2.jar:/Users/admin/.m2/repository/org/junit/jupiter/junit-jupiter/5.9.2/junit-jupiter-5.9.2.jar:/Users/admin/.m2/repository/org/junit/jupiter/junit-jupiter-api/5.9.2/junit-jupiter-api-5.9.2.jar:/Users/admin/.m2/repository/org/opentest4j/opentest4j/1.2.0/opentest4j-1.2.0.jar:/Users/admin/.m2/repository/org/junit/platform/junit-platform-commons/1.9.2/junit-platform-commons-1.9.2.jar:/Users/admin/.m2/repository/org/apiguardian/apiguardian-api/1.1.2/apiguardian-api-1.1.2.jar:/Users/admin/.m2/repository/org/junit/jupiter/junit-jupiter-params/5.9.2/junit-jupiter-params-5.9.2.jar:/Users/admin/.m2/repository/org/junit/jupiter/junit-jupiter-engine/5.9.2/junit-jupiter-engine-5.9.2.jar:/Users/admin/.m2/repository/org/junit/platform/junit-platform-engine/1.9.2/junit-platform-engine-1.9.2.jar:/Users/admin/.m2/repository/org/mockito/mockito-core/4.8.1/mockito-core-4.8.1.jar:/Users/admin/.m2/repository/net/bytebuddy/byte-buddy-agent/1.12.23/byte-buddy-agent-1.12.23.jar:/Users/admin/.m2/repository/org/objenesis/objenesis/3.2/objenesis-3.2.jar:/Users/admin/.m2/repository/org/mockito/mockito-junit-jupiter/4.8.1/mockito-junit-jupiter-4.8.1.jar:/Users/admin/.m2/repository/org/skyscreamer/jsonassert/1.5.1/jsonassert-1.5.1.jar:/Users/admin/.m2/repository/com/vaadin/external/google/android-json/0.0.20131108.vaadin1/android-json-0.0.20131108.vaadin1.jar:/Users/admin/.m2/repository/org/springframework/spring-core/6.0.7/spring-core-6.0.7.jar:/Users/admin/.m2/repository/org/springframework/spring-jcl/6.0.7/spring-jcl-6.0.7.jar:/Users/admin/.m2/repository/org/springframework/spring-test/6.0.7/spring-test-6.0.7.jar:/Users/admin/.m2/repository/org/xmlunit/xmlunit-core/2.9.1/xmlunit-core-2.9.1.jar:"/>
    <property name="sun.cpu.endian" value="little"/>
    <property name="user.home" value="/Users/admin"/>
    <property name="user.language" value="ru"/>
    <property name="java.specification.vendor" value="Oracle Corporation"/>
    <property name="java.version.date" value="2022-08-12"/>
    <property name="java.home" value="/Library/Java/JavaVirtualMachines/liberica-jdk-17.jdk/Contents/Home"/>
    <property name="file.separator" value="/"/>
    <property name="basedir" value="/Users/admin/Desktop/credit-processing-master"/>
    <property name="java.vm.compressedOopsMode" value="Zero based"/>
    <property name="line.separator" value="&#10;"/>
    <property name="java.specification.name" value="Java Platform API Specification"/>
    <property name="java.vm.specification.vendor" value="Oracle Corporation"/>
    <property name="surefire.real.class.path" value="/Users/admin/Desktop/credit-processing-master/target/surefire/surefirebooter1408678789210548448.jar"/>
    <property name="sun.management.compiler" value="HotSpot 64-Bit Tiered Compilers"/>
    <property name="ftp.nonProxyHosts" value="local|*.local|169.254/16|*.169.254/16"/>
    <property name="java.runtime.version" value="17.0.4.1+1-LTS"/>
    <property name="user.name" value="admin"/>
    <property name="path.separator" value=":"/>
    <property name="os.version" value="13.3.1"/>
    <property name="java.runtime.name" value="OpenJDK Runtime Environment"/>
    <property name="file.encoding" value="UTF-8"/>
    <property name="java.vm.name" value="OpenJDK 64-Bit Server VM"/>
    <property name="localRepository" value="/Users/admin/.m2/repository"/>
    <property name="java.vendor.url.bug" value="https://bell-sw.com/support"/>
    <property name="java.io.tmpdir" value="/var/folders/8s/x0jpqs8562q7m1p0rsn2kvgr0000gn/T/"/>
    <property name="idea.version" value="2023.1"/>
    <property name="java.version" value="17.0.4.1"/>
    <property name="user.dir" value="/Users/admin/Desktop/credit-processing-master"/>
    <property name="os.arch" value="x86_64"/>
    <property name="java.vm.specification.name" value="Java Virtual Machine Specification"/>
    <property name="native.encoding" value="UTF-8"/>
    <property name="java.library.path" value="/Users/admin/Library/Java/Extensions:/Library/Java/Extensions:/Network/Library/Java/Extensions:/System/Library/Java/Extensions:/usr/lib/java:."/>
    <property name="java.vm.info" value="mixed mode, sharing"/>
    <property name="java.vendor" value="BellSoft"/>
    <property name="java.vm.version" value="17.0.4.1+1-LTS"/>
    <property name="sun.io.unicode.encoding" value="UnicodeBig"/>
    <property name="socksNonProxyHosts" value="local|*.local|169.254/16|*.169.254/16"/>
    <property name="java.class.version" value="61.0"/>
  </properties>
  <testcase name="testCreateCreditApplicationLoanAlreadyApproved" classname="com.fintech.creditprocessing.service.impl.LoanOrderServiceImplTest" time="0.206"/>
  <testcase name="testCreateCreditApplicationTariffLoanConsideration" classname="com.fintech.creditprocessing.service.impl.LoanOrderServiceImplTest" time="0.006"/>
  <testcase name="testDeleteOrder" classname="com.fintech.creditprocessing.service.impl.LoanOrderServiceImplTest" time="0.029"/>
  <testcase name="testCreateCreditApplicationTryLater" classname="com.fintech.creditprocessing.service.impl.LoanOrderServiceImplTest" time="0.005"/>
  <testcase name="testGetStatusOrderNotFound" classname="com.fintech.creditprocessing.service.impl.LoanOrderServiceImplTest" time="0.003"/>
  <testcase name="testDeleteOrderImpossibleToDelete" classname="com.fintech.creditprocessing.service.impl.LoanOrderServiceImplTest" time="0.002"/>
  <testcase name="testDeleteOrderNotFound" classname="com.fintech.creditprocessing.service.impl.LoanOrderServiceImplTest" time="0.002"/>
  <testcase name="testGetStatusOrder" classname="com.fintech.creditprocessing.service.impl.LoanOrderServiceImplTest" time="0.005"/>
  <testcase name="testCreateCreditApplication" classname="com.fintech.creditprocessing.service.impl.LoanOrderServiceImplTest" time="0.007"/>
  <testcase name="testCreateCreditApplicationTariffNotFound" classname="com.fintech.creditprocessing.service.impl.LoanOrderServiceImplTest" time="0.003"/>
</testsuite>